<?xml version="1.0" encoding="UTF-8"?>
<!-- Generated by org.testng.reporters.JUnitXMLReporter -->
<testsuite hostname="IN-FVFYW045HV29.local" ignored="0" name="Command line test" tests="4" failures="1" timestamp="2022-06-06T23:25:33 IST" time="32.066" errors="0">
  <testcase name="verifyCategoriesText" time="0.266" classname="tests.HomeTest"/>
  <testcase name="verifySignIn" time="3.781" classname="tests.SignInTest"/>
  <testcase name="verifySignIn" time="3.361" classname="tests.SignInTest"/>
  <testcase name="signUp" time="0.001" classname="tests.SignUPTest">
    <failure type="org.testng.internal.reflect.MethodMatcherException" message="
[public void tests.SignUPTest.signUp(java.lang.String,java.lang.String)] has no parameters defined but was found to be using a data provider (either explicitly specified or inherited from class level annotation).
Data provider mismatch
Method: signUp([Parameter{index=0, type=java.lang.String, declaredAnnotations=[]}, Parameter{index=1, type=java.lang.String, declaredAnnotations=[]}])
Arguments: [(java.lang.String) testt0@grdp.co]">
      <![CDATA[org.testng.internal.reflect.MethodMatcherException: 
[public void tests.SignUPTest.signUp(java.lang.String,java.lang.String)] has no parameters defined but was found to be using a data provider (either explicitly specified or inherited from class level annotation).
Data provider mismatch
Method: signUp([Parameter{index=0, type=java.lang.String, declaredAnnotations=[]}, Parameter{index=1, type=java.lang.String, declaredAnnotations=[]}])
Arguments: [(java.lang.String) testt0@grdp.co]
at java.util.ArrayList.forEach(ArrayList.java:1259)
... Removed 32 stack frames]]>
    </failure>
  </testcase> <!-- signUp -->
</testsuite> <!-- Command line test -->
