<?xml version="1.0" encoding="UTF-8"?>
<testng-results skipped="0" failed="1" ignored="0" total="4" passed="3">
  <reporter-output>
  </reporter-output>
  <suite name="Command line suite" duration-ms="32066" started-at="2022-06-06T23:25:01 IST" finished-at="2022-06-06T23:25:33 IST">
    <groups>
    </groups>
    <test name="Command line test" duration-ms="32066" started-at="2022-06-06T23:25:01 IST" finished-at="2022-06-06T23:25:33 IST">
      <class name="tests.SignUPTest">
        <test-method status="PASS" signature="launchBrowser(java.lang.String)[pri:0, instance:tests.SignUPTest@27808f31]" name="launchBrowser" is-config="true" duration-ms="3269" started-at="2022-06-06T23:25:30 IST" finished-at="2022-06-06T23:25:33 IST">
          <params>
            <param index="0">
              <value>
                <![CDATA[Chrome]]>
              </value>
            </param>
          </params>
          <reporter-output>
          </reporter-output>
        </test-method> <!-- launchBrowser -->
        <test-method status="FAIL" signature="signUp(java.lang.String,java.lang.String)[pri:0, instance:tests.SignUPTest@27808f31]" name="signUp" duration-ms="1" started-at="2022-06-06T23:25:33 IST" data-provider="SignUpData" finished-at="2022-06-06T23:25:33 IST">
          <exception class="org.testng.internal.reflect.MethodMatcherException">
            <message>
              <![CDATA[
[public void tests.SignUPTest.signUp(java.lang.String,java.lang.String)] has no parameters defined but was found to be using a data provider (either explicitly specified or inherited from class level annotation).
Data provider mismatch
Method: signUp([Parameter{index=0, type=java.lang.String, declaredAnnotations=[]}, Parameter{index=1, type=java.lang.String, declaredAnnotations=[]}])
Arguments: [(java.lang.String) testt0@grdp.co]]]>
            </message>
            <full-stacktrace>
              <![CDATA[org.testng.internal.reflect.MethodMatcherException: 
[public void tests.SignUPTest.signUp(java.lang.String,java.lang.String)] has no parameters defined but was found to be using a data provider (either explicitly specified or inherited from class level annotation).
Data provider mismatch
Method: signUp([Parameter{index=0, type=java.lang.String, declaredAnnotations=[]}, Parameter{index=1, type=java.lang.String, declaredAnnotations=[]}])
Arguments: [(java.lang.String) testt0@grdp.co]
at org.testng.internal.reflect.DataProviderMethodMatcher.getConformingArguments(DataProviderMethodMatcher.java:46)
at org.testng.internal.Parameters.injectParameters(Parameters.java:886)
at org.testng.internal.invokers.MethodRunner.runInSequence(MethodRunner.java:37)
at org.testng.internal.invokers.TestInvoker$MethodInvocationAgent.invoke(TestInvoker.java:945)
at org.testng.internal.invokers.TestInvoker.invokeTestMethods(TestInvoker.java:193)
at org.testng.internal.invokers.TestMethodWorker.invokeTestMethods(TestMethodWorker.java:146)
at org.testng.internal.invokers.TestMethodWorker.run(TestMethodWorker.java:128)
at java.util.ArrayList.forEach(ArrayList.java:1259)
at org.testng.TestRunner.privateRun(TestRunner.java:808)
at org.testng.TestRunner.run(TestRunner.java:603)
at org.testng.SuiteRunner.runTest(SuiteRunner.java:429)
at org.testng.SuiteRunner.runSequentially(SuiteRunner.java:423)
at org.testng.SuiteRunner.privateRun(SuiteRunner.java:383)
at org.testng.SuiteRunner.run(SuiteRunner.java:326)
at org.testng.SuiteRunnerWorker.runSuite(SuiteRunnerWorker.java:52)
at org.testng.SuiteRunnerWorker.run(SuiteRunnerWorker.java:95)
at org.testng.TestNG.runSuitesSequentially(TestNG.java:1249)
at org.testng.TestNG.runSuitesLocally(TestNG.java:1169)
at org.testng.TestNG.runSuites(TestNG.java:1092)
at org.testng.TestNG.run(TestNG.java:1060)
at org.apache.maven.surefire.testng.TestNGExecutor.run(TestNGExecutor.java:77)
at org.apache.maven.surefire.testng.TestNGDirectoryTestSuite.executeMulti(TestNGDirectoryTestSuite.java:159)
at org.apache.maven.surefire.testng.TestNGDirectoryTestSuite.execute(TestNGDirectoryTestSuite.java:99)
at org.apache.maven.surefire.testng.TestNGProvider.invoke(TestNGProvider.java:106)
at sun.reflect.NativeMethodAccessorImpl.invoke0(Native Method)
at sun.reflect.NativeMethodAccessorImpl.invoke(NativeMethodAccessorImpl.java:62)
at sun.reflect.DelegatingMethodAccessorImpl.invoke(DelegatingMethodAccessorImpl.java:43)
at java.lang.reflect.Method.invoke(Method.java:498)
at org.apache.maven.surefire.util.ReflectionUtils.invokeMethodWithArray(ReflectionUtils.java:189)
at org.apache.maven.surefire.booter.ProviderFactory$ProviderProxy.invoke(ProviderFactory.java:165)
at org.apache.maven.surefire.booter.ProviderFactory.invokeProvider(ProviderFactory.java:85)
at org.apache.maven.surefire.booter.ForkedBooter.runSuitesInProcess(ForkedBooter.java:115)
at org.apache.maven.surefire.booter.ForkedBooter.main(ForkedBooter.java:75)
]]>
            </full-stacktrace>
          </exception> <!-- org.testng.internal.reflect.MethodMatcherException -->
          <reporter-output>
          </reporter-output>
        </test-method> <!-- signUp -->
        <test-method status="PASS" signature="quitBrowser()[pri:0, instance:tests.SignUPTest@27808f31]" name="quitBrowser" is-config="true" duration-ms="163" started-at="2022-06-06T23:25:33 IST" finished-at="2022-06-06T23:25:33 IST">
          <reporter-output>
          </reporter-output>
        </test-method> <!-- quitBrowser -->
      </class> <!-- tests.SignUPTest -->
      <class name="tests.HomeTest">
        <test-method status="PASS" signature="launchBrowser(java.lang.String)[pri:0, instance:tests.HomeTest@631330c]" name="launchBrowser" is-config="true" duration-ms="12041" started-at="2022-06-06T23:25:01 IST" finished-at="2022-06-06T23:25:13 IST">
          <params>
            <param index="0">
              <value>
                <![CDATA[Chrome]]>
              </value>
            </param>
          </params>
          <reporter-output>
          </reporter-output>
        </test-method> <!-- launchBrowser -->
        <test-method status="PASS" signature="creatingObjects()[pri:0, instance:tests.HomeTest@631330c]" name="creatingObjects" is-config="true" duration-ms="232" started-at="2022-06-06T23:25:13 IST" finished-at="2022-06-06T23:25:13 IST">
          <reporter-output>
          </reporter-output>
        </test-method> <!-- creatingObjects -->
        <test-method status="PASS" signature="verifyCategoriesText()[pri:0, instance:tests.HomeTest@631330c]" name="verifyCategoriesText" duration-ms="266" started-at="2022-06-06T23:25:13 IST" finished-at="2022-06-06T23:25:14 IST">
          <reporter-output>
          </reporter-output>
        </test-method> <!-- verifyCategoriesText -->
        <test-method status="PASS" signature="quitBrowser()[pri:0, instance:tests.HomeTest@631330c]" name="quitBrowser" is-config="true" duration-ms="226" started-at="2022-06-06T23:25:14 IST" finished-at="2022-06-06T23:25:14 IST">
          <reporter-output>
          </reporter-output>
        </test-method> <!-- quitBrowser -->
      </class> <!-- tests.HomeTest -->
      <class name="tests.SignInTest">
        <test-method status="PASS" signature="launchBrowser(java.lang.String)[pri:0, instance:tests.SignInTest@37d31475]" name="launchBrowser" is-config="true" duration-ms="5959" started-at="2022-06-06T23:25:14 IST" finished-at="2022-06-06T23:25:20 IST">
          <params>
            <param index="0">
              <value>
                <![CDATA[Chrome]]>
              </value>
            </param>
          </params>
          <reporter-output>
          </reporter-output>
        </test-method> <!-- launchBrowser -->
        <test-method status="PASS" signature="creatingObjects()[pri:0, instance:tests.SignInTest@37d31475]" name="creatingObjects" is-config="true" duration-ms="4" started-at="2022-06-06T23:25:22 IST" finished-at="2022-06-06T23:25:22 IST">
          <reporter-output>
          </reporter-output>
        </test-method> <!-- creatingObjects -->
        <test-method status="PASS" signature="verifySignIn(java.lang.String,java.lang.String)[pri:0, instance:tests.SignInTest@37d31475]" name="verifySignIn" duration-ms="3781" started-at="2022-06-06T23:25:22 IST" data-provider="getExcelData" finished-at="2022-06-06T23:25:26 IST">
          <params>
            <param index="0">
              <value>
                <![CDATA[sc]]>
              </value>
            </param>
            <param index="1">
              <value>
                <![CDATA[sc]]>
              </value>
            </param>
          </params>
          <reporter-output>
          </reporter-output>
        </test-method> <!-- verifySignIn -->
        <test-method status="PASS" signature="creatingObjects()[pri:0, instance:tests.SignInTest@37d31475]" name="creatingObjects" is-config="true" duration-ms="1" started-at="2022-06-06T23:25:26 IST" finished-at="2022-06-06T23:25:26 IST">
          <reporter-output>
          </reporter-output>
        </test-method> <!-- creatingObjects -->
        <test-method status="PASS" signature="verifySignIn(java.lang.String,java.lang.String)[pri:0, instance:tests.SignInTest@37d31475]" name="verifySignIn" duration-ms="3361" started-at="2022-06-06T23:25:26 IST" data-provider="getExcelData" finished-at="2022-06-06T23:25:29 IST">
          <params>
            <param index="0">
              <value>
                <![CDATA[sc1]]>
              </value>
            </param>
            <param index="1">
              <value>
                <![CDATA[sc1]]>
              </value>
            </param>
          </params>
          <reporter-output>
          </reporter-output>
        </test-method> <!-- verifySignIn -->
        <test-method status="PASS" signature="quitBrowser()[pri:0, instance:tests.SignInTest@37d31475]" name="quitBrowser" is-config="true" duration-ms="161" started-at="2022-06-06T23:25:29 IST" finished-at="2022-06-06T23:25:30 IST">
          <reporter-output>
          </reporter-output>
        </test-method> <!-- quitBrowser -->
      </class> <!-- tests.SignInTest -->
    </test> <!-- Command line test -->
  </suite> <!-- Command line suite -->
</testng-results>
